<?xml version="1.0" encoding="UTF-8"?>
<!-- Generated by org.testng.reporters.JUnitReportReporter -->
<testsuite hostname="LAPTOP-VNBA3OG5" failures="0" tests="1" name="_LexicographicallySorted_package._LexicographicallySorted.LexicographicallySorted" time="0.012" errors="0" timestamp="2021-09-27T22:58:19 CDT" skipped="0">
  <testcase classname="_LexicographicallySorted_package._LexicographicallySorted.LexicographicallySorted" name="testcase2" time="0.012"/>
  <system-out/>
</testsuite> <!-- _LexicographicallySorted_package._LexicographicallySorted.LexicographicallySorted -->
